<?xml version="1.0" encoding="UTF-8"?>
<!-- Generated by org.testng.reporters.JUnitReportReporter -->
<testsuite hostname="LTIN198528" failures="0" tests="6" name="test_runner.EthicsAndComplianceTest" time="16.112" errors="0" timestamp="2024-03-13T12:17:07 IST" skipped="0">
  <testcase classname="test_runner.EthicsAndComplianceTest" name="runScenario" time="0.063"/>
  <system-out/>
  <testcase classname="test_runner.EthicsAndComplianceTest" name="runScenario" time="0.067"/>
  <system-out/>
  <testcase classname="test_runner.EthicsAndComplianceTest" name="runScenario" time="0.058"/>
  <system-out/>
  <testcase classname="test_runner.EthicsAndComplianceTest" name="runScenario" time="0.095"/>
  <system-out/>
  <testcase classname="test_runner.EthicsAndComplianceTest" name="runScenario" time="11.578"/>
  <system-out/>
  <testcase classname="test_runner.EthicsAndComplianceTest" name="runScenario" time="4.251"/>
  <system-out/>
</testsuite> <!-- test_runner.EthicsAndComplianceTest -->
